[2024.05.12-05.35.41:501][  0]Log file open, 05/12/24 12:35:41
[2024.05.12-05.35.41:501][  0]LogMemory: Platform Memory Stats for WindowsServer
[2024.05.12-05.35.41:501][  0]LogMemory: Process Physical Memory: 94.42 MB used, 94.42 MB peak
[2024.05.12-05.35.41:502][  0]LogMemory: Process Virtual Memory: 67.66 MB used, 70.12 MB peak
[2024.05.12-05.35.41:502][  0]LogMemory: Physical Memory: 8028.21 MB used, 16197.64 MB total
[2024.05.12-05.35.41:502][  0]LogMemory: Virtual Memory: 4652.30 MB used, 134217728.00 MB total
[2024.05.12-05.35.41:895][  0]New Save Format enabled
[2024.05.12-05.35.41:896][  0]ARK Version: 358.24
[2024.05.12-05.35.41:896][  0]PID: 10504
[2024.05.12-05.43.03:628][  0]Primal Game Data Took 441.67 seconds
[2024.05.12-05.44.39:880][  0]SteamSocketsOpenSource: gethostname failed ()
[2024.05.12-05.44.39:880][  0]gethostbyname failed ()
[2024.05.12-05.48.15:985][  0]Server Initializing with BattlEye Anti-Cheat Protection. If you do not wish to use BattlEye, please launch with -NoBattlEye
[2024.05.12-05.48.16:077][  0]BattlEye successfully started.
[2024.05.12-05.48.16:217][  0]Server: "nguyendanhda98" has successfully started!
[2024.05.12-05.48.16:416][  0]ADayCycleManager Fjordur_DayCycle_C_0, 
[2024.05.12-05.48.25:876][  0]Commandline: "/Game/Mods/FjordurOfficial/Fjordur?QueryPort=27015?SessionName=nguyendanhda98?MaxPlayers=127?listen?ServerPassword=dnd?ServerAdminPassword=123?DifficultyOffset=1.000000?NewMaxStructuresInRange=6000.000000?GlobalVoiceChat=false?ProximityChat=false?NoTributeDownloads=false?AllowThirdPersonPlayer=true?AlwaysNotifyPlayerLeft=true?DontAlwaysNotifyPlayerJoined=false?ServerHardcore=false?ServerPVE=true?ServerCrosshair=true?ServerForceNoHUD=false?ShowMapPlayerLocation=true?EnablePvPGamma=true?DisableStructureDecayPvE=true?AllowFlyerCarryPvE=false" -nosteamclient -game -server -log
[2024.05.12-05.48.25:876][  0]Full Startup: 765.88 seconds (BP compile: 0.00 seconds)
[2024.05.12-05.48.25:876][  0]Number of cores 4
[2024.05.12-05.48.26:044][  1]Server attempting to run new years event
[2024.05.12-05.48.26:044][  1]Sever Is not set to official or running NewYearEvent argument
[2024.05.12-05.48.27:976][ 51]Set New Years event location: -109935 - 50367 - 5648
[2024.05.12-05.59.39:935][872]Saving world...
[2024.05.12-05.59.42:692][872]World Save Complete. Took 2.715495
[2024.05.12-06.05.43:412][582]Saving world...
[2024.05.12-06.05.44:320][582]World Save Complete. Took 0.907271
[2024.05.12-06.05.44:356][583] - FPlatformMisc::RequestExit(1)
[2024.05.12-06.05.44:369][583]Log file closed, 05/12/24 13:05:44
